[debug] > Exec(early(addDefaultCommands), None, None)
[debug] > Exec(addDefaultCommands, None, None)
[debug] > Exec(early(initialize), None, None)
[debug] > Exec(initialize, None, None)
[debug] > Exec(early(addPluginSbtFile="""C:\Users\BMDTEC~1\AppData\Local\Temp\idea2.sbt"""), None, None)
[debug] > Exec(addPluginSbtFile="""C:\Users\BMDTEC~1\AppData\Local\Temp\idea2.sbt""", None, None)
[debug] > Exec(boot, None, None)
[debug] > Exec(writeSbtVersion, None, None)
[debug] > Exec(reload, None, None)
[debug] > Exec(sbtStashOnFailure, None, None)
[debug] > Exec(onFailure loadFailed, None, None)
[debug] > Exec(loadp, None, None)
[info] welcome to sbt 1.10.1 (Oracle Corporation Java 22.0.1)
[debug] Load.defaultLoad until apply took 231.821ms
[debug]           Load.loadUnit: plugins took 176.2028ms
[debug]           Load.loadUnit: defsScala took 0.5501ms
[debug] [Loading] Scanning directory C:\Users\bmd tech\IdeaProjects\Projet\project
[debug]             Load.loadUnit: mkEval took 6.0646ms
[debug] [Loading] Found non-root projects 
[debug] [Loading] Done in C:\Users\bmd tech\IdeaProjects\Projet\project, returning: ()
[debug] deducing auto plugins based on known facts Set(Atom(sbt.plugins.CorePlugin)) and clauses Clauses(Clause(Atom(sbt.plugins.JvmPlugin),Set(Atom(sbt.plugins.IvyPlugin)))
[debug] Clause(Atom(sbt.ScriptedPlugin),Set(Atom(sbt.plugins.JvmPlugin)))
[debug] Clause(Atom(sbt.plugins.SbtPlugin),Set(Atom(sbt.ScriptedPlugin)))
[debug] Clause(Atom(sbt.plugins.SemanticdbPlugin),Set(Atom(sbt.plugins.JvmPlugin)))
[debug] Clause(Atom(sbt.plugins.JUnitXmlReportPlugin),Set(Atom(sbt.plugins.JvmPlugin)))
[debug] Clause(Atom(sbt.plugins.MiniDependencyTreePlugin),Set(Atom(sbt.plugins.JvmPlugin)))
[debug] Clause(Atom(sbt.plugins.CorePlugin),Set(Atom(sbt.plugins.IvyPlugin)))
[debug] Clause(Atom(sbt.plugins.IvyPlugin),Set(Atom(sbt.plugins.JvmPlugin)))
[debug] Clause(Atom(sbt.plugins.JvmPlugin),Set(Atom(sbt.plugins.SemanticdbPlugin)))
[debug] Clause(Atom(sbt.plugins.JvmPlugin),Set(Atom(sbt.plugins.JUnitXmlReportPlugin)))
[debug] Clause(Atom(sbt.plugins.CorePlugin),Set(Atom(sbt.plugins.Giter8TemplatePlugin)))
[debug] Clause(Atom(sbt.plugins.JvmPlugin),Set(Atom(sbt.plugins.MiniDependencyTreePlugin))))
[debug]   :: deduced result: Matched(sbt.plugins.CorePlugin,sbt.plugins.Giter8TemplatePlugin,sbt.plugins.IvyPlugin,sbt.plugins.JvmPlugin,sbt.plugins.MiniDependencyTreePlugin,sbt.plugins.JUnitXmlReportPlugin,sbt.plugins.SemanticdbPlugin)
[debug] Plugins.deducer#function took 19.5354 ms
[info] loading settings for project projet-build from idea2.sbt ...
[debug]               Load.resolveProject(projet-build) took 53.7842ms
[debug]             Load.loadTransitive: finalizeProject(Project(id projet-build, base: C:\Users\bmd tech\IdeaProjects\Projet\project, plugins: List(<none>))) took 103.7359ms
[debug] [Loading] Done in C:\Users\bmd tech\IdeaProjects\Projet\project, returning: (projet-build)
[debug]           Load.loadUnit: loadedProjectsRaw took 602.466ms
[debug]           Load.loadUnit: cleanEvalClasses took 10.7138ms
[debug]         Load.loadUnit(file:/C:/Users/bmd%20tech/IdeaProjects/Projet/project/, ...) took 800.5898ms
[debug]       Load.apply: load took 982.3657ms
[debug]       Load.apply: resolveProjects took 8.0527ms
[debug]       Load.apply: finalTransforms took 89.8155ms
[debug]       Load.apply: config.delegates took 9.0594ms
[debug]       Load.apply: Def.make(settings)... took 747.4454ms
[debug]       Load.apply: structureIndex took 170.6603ms
[debug]       Load.apply: mkStreams took 2.468ms
[info] loading project definition from C:\Users\bmd tech\IdeaProjects\Projet\project
[debug] Running task... Cancel: Signal, check cycles: false, forcegc: true
[debug]     Load.loadUnit: plugins took 3551.845ms
[debug]     Load.loadUnit: defsScala took 0.0052ms
[debug] [Loading] Scanning directory C:\Users\bmd tech\IdeaProjects\Projet
[debug]       Load.loadUnit: mkEval took 0.2732ms
[debug] [Loading] Found root project root w/ remaining 
[debug] deducing auto plugins based on known facts Set(Atom(sbt.plugins.CorePlugin)) and clauses Clauses(Clause(Atom(sbt.plugins.JvmPlugin),Set(Atom(sbt.plugins.IvyPlugin)))
[debug] Clause(Atom(sbt.ScriptedPlugin),Set(Atom(sbt.plugins.JvmPlugin)))
[debug] Clause(Atom(sbt.plugins.SbtPlugin),Set(Atom(sbt.ScriptedPlugin)))
[debug] Clause(Atom(sbt.plugins.SemanticdbPlugin),Set(Atom(sbt.plugins.JvmPlugin)))
[debug] Clause(Atom(sbt.plugins.JUnitXmlReportPlugin),Set(Atom(sbt.plugins.JvmPlugin)))
[debug] Clause(Atom(sbt.plugins.MiniDependencyTreePlugin),Set(Atom(sbt.plugins.JvmPlugin)))
[debug] Clause(Atom(org.jetbrains.sbt.StructurePlugin),Set(Atom(sbt.plugins.JvmPlugin)))
[debug] Clause(Atom(org.jetbrains.sbt.IdeaShellPlugin),Set(Atom(sbt.plugins.JvmPlugin)))
[debug] Clause(Atom(org.jetbrains.sbt.indices.SbtIntellijIndicesPlugin),Set(Atom(sbt.plugins.JvmPlugin)))
[debug] Clause(Atom(sbt.plugins.CorePlugin),Set(Atom(sbt.plugins.IvyPlugin)))
[debug] Clause(Atom(sbt.plugins.IvyPlugin),Set(Atom(sbt.plugins.JvmPlugin)))
[debug] Clause(Atom(sbt.plugins.JvmPlugin),Set(Atom(sbt.plugins.SemanticdbPlugin)))
[debug] Clause(Atom(sbt.plugins.JvmPlugin),Set(Atom(sbt.plugins.JUnitXmlReportPlugin)))
[debug] Clause(Atom(sbt.plugins.CorePlugin),Set(Atom(sbt.plugins.Giter8TemplatePlugin)))
[debug] Clause(Atom(sbt.plugins.JvmPlugin),Set(Atom(sbt.plugins.MiniDependencyTreePlugin)))
[debug] Clause(Atom(sbt.plugins.JvmPlugin),Set(Atom(org.jetbrains.sbt.StructurePlugin)))
[debug] Clause(Atom(sbt.plugins.JvmPlugin),Set(Atom(org.jetbrains.sbt.IdeaShellPlugin)))
[debug] Clause(And(Set(Atom(sbt.plugins.CorePlugin), Atom(sbt.plugins.JvmPlugin))),Set(Atom(org.jetbrains.sbt.indices.SbtIntellijIndicesPlugin))))
[debug]   :: deduced result: Matched(sbt.plugins.CorePlugin,sbt.plugins.Giter8TemplatePlugin,sbt.plugins.IvyPlugin,sbt.plugins.JvmPlugin,sbt.plugins.SemanticdbPlugin,org.jetbrains.sbt.indices.SbtIntellijIndicesPlugin,sbt.plugins.JUnitXmlReportPlugin,org.jetbrains.sbt.IdeaShellPlugin,org.jetbrains.sbt.StructurePlugin,sbt.plugins.MiniDependencyTreePlugin)
[debug] Plugins.deducer#function took 3.3489 ms
[info] loading settings for project root from build.sbt ...
[debug]         Load.resolveProject(root) took 37.7312ms
[debug]       Load.loadTransitive: finalizeProject(Project(id root, base: C:\Users\bmd tech\IdeaProjects\Projet, plugins: List(<none>))) took 43.0788ms
[debug] [Loading] Done in C:\Users\bmd tech\IdeaProjects\Projet, returning: (root)
[debug]     Load.loadUnit: loadedProjectsRaw took 120.6533ms
[debug]     Load.loadUnit: cleanEvalClasses took 9.9553ms
[debug]   Load.loadUnit(file:/C:/Users/bmd%20tech/IdeaProjects/Projet/, ...) took 3685.1487ms
[debug] Load.apply: load took 3748.4039ms
[debug] Load.apply: resolveProjects took 0.1512ms
[debug] Load.apply: finalTransforms took 52.2062ms
[debug] Load.apply: config.delegates took 0.4005ms
[debug] Load.apply: Def.make(settings)... took 98.49ms
[debug] Load.apply: structureIndex took 36.7188ms
[debug] Load.apply: mkStreams took 0.0038ms
[info] set current project to Projet (in build file:/C:/Users/bmd%20tech/IdeaProjects/Projet/)
[debug] > Exec(sbtPopOnFailure, None, None)
[debug] > Exec(resumeFromFailure, None, None)
[debug] > Exec(notifyUsersAboutShell, None, None)
[debug] > Exec(iflast shell, None, None)
[debug] > Exec(; set ideaPort in Global := 49966 ; idea-shell, None, None)
[debug] > Exec(set ideaPort in Global := 49966, None, None)
[info] Defining Global / ideaPort
[info] The new value will be used by Compile / compile, Test / compile
[debug] Defining 
[debug] 	Global / ideaPort
[debug] 
[debug] The new value will be used by 
[debug] 	Compile / compile
[debug] 	Test / compile
[info] Reapplying settings...
[info] set current project to Projet (in build file:/C:/Users/bmd%20tech/IdeaProjects/Projet/)
[debug] > Exec(idea-shell, None, None)
